<?xml version="1.0" encoding="UTF-8"?>
<testng-results total="1" passed="1" failed="0" skipped="0">
  <reporter-output>
  </reporter-output>
  <suite started-at="2018-09-30T17:17:48Z" name="Default suite" finished-at="2018-09-30T17:18:00Z" duration-ms="11735">
    <groups>
    </groups>
    <test started-at="2018-09-30T17:17:48Z" name="Default test" finished-at="2018-09-30T17:18:00Z" duration-ms="11735">
      <class name="test.AddContactTest">
        <test-method signature="AddContact()[pri:0, instance:test.AddContactTest@3569fc08]" started-at="2018-09-30T12:17:48Z" name="AddContact" finished-at="2018-09-30T12:18:00Z" duration-ms="11721" status="PASS">
          <reporter-output>
          </reporter-output>
        </test-method> <!-- AddContact -->
      </class> <!-- test.AddContactTest -->
    </test> <!-- Default test -->
  </suite> <!-- Default suite -->
</testng-results>
